<?xml version="1.0" encoding="UTF-8"?>
<testsuite name="DBConnectionTest" tests="1" skipped="0" failures="0" errors="0" timestamp="2017-05-02T13:11:06" hostname="DESKTOP-EQ8HC5S" time="0.231">
  <properties/>
  <testcase name="testMockDBConnection" classname="DBConnectionTest" time="0.231"/>
  <system-out><![CDATA[]]></system-out>
  <system-err><![CDATA[]]></system-err>
</testsuite>
